<?xml version="1.0" encoding="UTF-8"?>
<!-- Generated by org.testng.reporters.JUnitXMLReporter -->
<testsuite ignored="0" hostname="SipunDas" failures="0" tests="3" name="Test" time="56.545" errors="0" timestamp="2025-09-30T07:05:45 IST">
  <testcase classname="campaign.CampaignTest" name="CreateCampaignWithExpectedDate" time="3.289"/>
  <testcase classname="campaign.CampaignTest" name="CreateCampaignWithStatus" time="2.094"/>
  <testcase classname="campaign.CampaignTest" name="CreateCampaignwithMandatory" time="2.019"/>
</testsuite> <!-- Test -->
