<?xml version="1.0" encoding="UTF-8"?>
<!-- Generated by org.testng.reporters.JUnitXMLReporter -->
<testsuite ignored="4" hostname="SipunDas" failures="0" tests="4" name="Test2" time="0.034" errors="0" timestamp="2025-08-14T08:12:19 IST">
  <testcase classname="campaign.CreateProductTest1" name="CreateProduct" time="0.0">
    <skipped/>
  </testcase> <!-- CreateProduct -->
  <testcase classname="campaign.CampaignTest" name="CreateCampaignWithExpectedDate" time="0.0">
    <skipped/>
  </testcase> <!-- CreateCampaignWithExpectedDate -->
  <testcase classname="campaign.CampaignTest" name="CreateCampaignWithStatus" time="0.0">
    <skipped/>
  </testcase> <!-- CreateCampaignWithStatus -->
  <testcase classname="campaign.CampaignTest" name="CreateCampaignwithMandatory" time="0.0">
    <skipped/>
  </testcase> <!-- CreateCampaignwithMandatory -->
  <testcase classname="testNG.BaseClass" name="@BeforeSuite beforeSute" time="0.0">
    <ignored/>
  </testcase> <!-- @BeforeSuite beforeSute -->
  <testcase classname="testNG.BaseClass" name="@AfterSuite afterSuit" time="0.0">
    <ignored/>
  </testcase> <!-- @AfterSuite afterSuit -->
  <testcase classname="testNG.BaseClass" name="@BeforeTest beforeTest" time="0.0">
    <ignored/>
  </testcase> <!-- @BeforeTest beforeTest -->
  <testcase classname="testNG.BaseClass" name="@AfterTest afterTest" time="0.0">
    <ignored/>
  </testcase> <!-- @AfterTest afterTest -->
</testsuite> <!-- Test2 -->
