<?xml version="1.0" encoding="UTF-8"?>
<testng-results ignored="0" total="1" passed="1" failed="0" skipped="0">
  <reporter-output>
  </reporter-output>
  <suite started-at="2025-08-21T16:36:01 IST" name="Default suite" finished-at="2025-08-21T16:36:01 IST" duration-ms="130">
    <groups>
    </groups>
    <test started-at="2025-08-21T16:36:01 IST" name="Default test" finished-at="2025-08-21T16:36:01 IST" duration-ms="130">
      <class name="assignment.SampleTest">
        <test-method signature="loginTest()[pri:0, instance:assignment.SampleTest@4f83df68]" started-at="2025-08-21T16:36:01 IST" name="loginTest" finished-at="2025-08-21T16:36:01 IST" duration-ms="27" status="PASS">
          <reporter-output>
          </reporter-output>
        </test-method> <!-- loginTest -->
      </class> <!-- assignment.SampleTest -->
    </test> <!-- Default test -->
  </suite> <!-- Default suite -->
</testng-results>
